<?xml version="1.0" encoding="UTF-8"?>
<robot generator="Robot 6.1.1 (Python 3.10.6 on linux)" generated="20231120 13:51:01.141" rpa="false" schemaversion="4">
<suite id="s1" name="Tests" source="/mnt/c/users/alisa/desktop/palautusrepo/palautusrepositio/viikko3/login-robot/src/tests">
<suite id="s1-s1" name="Login" source="/mnt/c/users/alisa/desktop/palautusrepo/palautusrepositio/viikko3/login-robot/src/tests/login.robot">
<test id="s1-s1-t1" name="Login With Correct Credentials" line="6">
<kw name="Create User And Input Login Command" type="SETUP">
<kw name="Create User" library="AppLibrary">
<arg>kalle</arg>
<arg>kalle123</arg>
<status status="PASS" starttime="20231120 13:51:01.266" endtime="20231120 13:51:01.266"/>
</kw>
<kw name="Input Login Command" library="resource">
<kw name="Input" library="AppLibrary">
<arg>login</arg>
<status status="PASS" starttime="20231120 13:51:01.266" endtime="20231120 13:51:01.267"/>
</kw>
<status status="PASS" starttime="20231120 13:51:01.266" endtime="20231120 13:51:01.267"/>
</kw>
<status status="PASS" starttime="20231120 13:51:01.266" endtime="20231120 13:51:01.267"/>
</kw>
<kw name="Input Credentials" library="resource">
<arg>kalle</arg>
<arg>kalle123</arg>
<kw name="Input" library="AppLibrary">
<arg>${username}</arg>
<status status="PASS" starttime="20231120 13:51:01.267" endtime="20231120 13:51:01.267"/>
</kw>
<kw name="Input" library="AppLibrary">
<arg>${password}</arg>
<status status="PASS" starttime="20231120 13:51:01.267" endtime="20231120 13:51:01.267"/>
</kw>
<kw name="Run Application" library="AppLibrary">
<status status="PASS" starttime="20231120 13:51:01.267" endtime="20231120 13:51:01.267"/>
</kw>
<status status="PASS" starttime="20231120 13:51:01.267" endtime="20231120 13:51:01.267"/>
</kw>
<kw name="Output Should Contain" library="AppLibrary">
<arg>Logged in</arg>
<status status="PASS" starttime="20231120 13:51:01.267" endtime="20231120 13:51:01.267"/>
</kw>
<status status="PASS" starttime="20231120 13:51:01.266" endtime="20231120 13:51:01.267"/>
</test>
<test id="s1-s1-t2" name="Login With Incorrect Password" line="10">
<kw name="Create User And Input Login Command" type="SETUP">
<kw name="Create User" library="AppLibrary">
<arg>kalle</arg>
<arg>kalle123</arg>
<status status="PASS" starttime="20231120 13:51:01.268" endtime="20231120 13:51:01.268"/>
</kw>
<kw name="Input Login Command" library="resource">
<kw name="Input" library="AppLibrary">
<arg>login</arg>
<status status="PASS" starttime="20231120 13:51:01.268" endtime="20231120 13:51:01.268"/>
</kw>
<status status="PASS" starttime="20231120 13:51:01.268" endtime="20231120 13:51:01.268"/>
</kw>
<status status="PASS" starttime="20231120 13:51:01.268" endtime="20231120 13:51:01.268"/>
</kw>
<kw name="Input Credentials" library="resource">
<arg>kalle</arg>
<arg>kalle1</arg>
<kw name="Input" library="AppLibrary">
<arg>${username}</arg>
<status status="PASS" starttime="20231120 13:51:01.268" endtime="20231120 13:51:01.268"/>
</kw>
<kw name="Input" library="AppLibrary">
<arg>${password}</arg>
<status status="PASS" starttime="20231120 13:51:01.269" endtime="20231120 13:51:01.269"/>
</kw>
<kw name="Run Application" library="AppLibrary">
<status status="PASS" starttime="20231120 13:51:01.269" endtime="20231120 13:51:01.269"/>
</kw>
<status status="PASS" starttime="20231120 13:51:01.268" endtime="20231120 13:51:01.269"/>
</kw>
<kw name="Output Should Contain" library="AppLibrary">
<arg>Invalid username or password</arg>
<status status="PASS" starttime="20231120 13:51:01.269" endtime="20231120 13:51:01.269"/>
</kw>
<status status="PASS" starttime="20231120 13:51:01.268" endtime="20231120 13:51:01.269"/>
</test>
<test id="s1-s1-t3" name="Login With Nonexistent Username" line="14">
<kw name="Create User And Input Login Command" type="SETUP">
<kw name="Create User" library="AppLibrary">
<arg>kalle</arg>
<arg>kalle123</arg>
<status status="PASS" starttime="20231120 13:51:01.269" endtime="20231120 13:51:01.269"/>
</kw>
<kw name="Input Login Command" library="resource">
<kw name="Input" library="AppLibrary">
<arg>login</arg>
<status status="PASS" starttime="20231120 13:51:01.270" endtime="20231120 13:51:01.270"/>
</kw>
<status status="PASS" starttime="20231120 13:51:01.269" endtime="20231120 13:51:01.270"/>
</kw>
<status status="PASS" starttime="20231120 13:51:01.269" endtime="20231120 13:51:01.270"/>
</kw>
<kw name="Input Credentials" library="resource">
<arg>kall</arg>
<arg>kalle123</arg>
<kw name="Input" library="AppLibrary">
<arg>${username}</arg>
<status status="PASS" starttime="20231120 13:51:01.270" endtime="20231120 13:51:01.270"/>
</kw>
<kw name="Input" library="AppLibrary">
<arg>${password}</arg>
<status status="PASS" starttime="20231120 13:51:01.270" endtime="20231120 13:51:01.270"/>
</kw>
<kw name="Run Application" library="AppLibrary">
<status status="PASS" starttime="20231120 13:51:01.270" endtime="20231120 13:51:01.270"/>
</kw>
<status status="PASS" starttime="20231120 13:51:01.270" endtime="20231120 13:51:01.270"/>
</kw>
<kw name="Output Should Contain" library="AppLibrary">
<arg>Invalid username or password</arg>
<status status="PASS" starttime="20231120 13:51:01.270" endtime="20231120 13:51:01.270"/>
</kw>
<status status="PASS" starttime="20231120 13:51:01.269" endtime="20231120 13:51:01.270"/>
</test>
<status status="PASS" starttime="20231120 13:51:01.154" endtime="20231120 13:51:01.271"/>
</suite>
<suite id="s1-s2" name="Register" source="/mnt/c/users/alisa/desktop/palautusrepo/palautusrepositio/viikko3/login-robot/src/tests/register.robot">
<test id="s1-s2-t1" name="Register With Valid Username And Password" line="6">
<kw name="Create User kalle" type="SETUP">
<kw name="Create User" library="AppLibrary">
<arg>kalle</arg>
<arg>kalle123</arg>
<status status="PASS" starttime="20231120 13:51:01.289" endtime="20231120 13:51:01.289"/>
</kw>
<status status="PASS" starttime="20231120 13:51:01.288" endtime="20231120 13:51:01.289"/>
</kw>
<kw name="Create User" library="AppLibrary">
<arg>someuser</arg>
<arg>password123</arg>
<status status="PASS" starttime="20231120 13:51:01.289" endtime="20231120 13:51:01.289"/>
</kw>
<kw name="Input Login Command" library="resource">
<kw name="Input" library="AppLibrary">
<arg>login</arg>
<status status="PASS" starttime="20231120 13:51:01.289" endtime="20231120 13:51:01.289"/>
</kw>
<status status="PASS" starttime="20231120 13:51:01.289" endtime="20231120 13:51:01.289"/>
</kw>
<kw name="Input Credentials" library="resource">
<arg>someuser</arg>
<arg>password123</arg>
<kw name="Input" library="AppLibrary">
<arg>${username}</arg>
<status status="PASS" starttime="20231120 13:51:01.289" endtime="20231120 13:51:01.290"/>
</kw>
<kw name="Input" library="AppLibrary">
<arg>${password}</arg>
<status status="PASS" starttime="20231120 13:51:01.290" endtime="20231120 13:51:01.290"/>
</kw>
<kw name="Run Application" library="AppLibrary">
<status status="PASS" starttime="20231120 13:51:01.290" endtime="20231120 13:51:01.290"/>
</kw>
<status status="PASS" starttime="20231120 13:51:01.289" endtime="20231120 13:51:01.290"/>
</kw>
<kw name="Output Should Contain" library="AppLibrary">
<arg>Logged in</arg>
<status status="PASS" starttime="20231120 13:51:01.290" endtime="20231120 13:51:01.290"/>
</kw>
<status status="PASS" starttime="20231120 13:51:01.288" endtime="20231120 13:51:01.290"/>
</test>
<test id="s1-s2-t2" name="Register With Already Taken Username And Valid Password" line="12">
<kw name="Create User kalle" type="SETUP">
<kw name="Create User" library="AppLibrary">
<arg>kalle</arg>
<arg>kalle123</arg>
<status status="PASS" starttime="20231120 13:51:01.291" endtime="20231120 13:51:01.291"/>
</kw>
<status status="PASS" starttime="20231120 13:51:01.291" endtime="20231120 13:51:01.291"/>
</kw>
<kw name="Input Register Command" library="resource">
<kw name="Input" library="AppLibrary">
<arg>new</arg>
<status status="PASS" starttime="20231120 13:51:01.291" endtime="20231120 13:51:01.291"/>
</kw>
<status status="PASS" starttime="20231120 13:51:01.291" endtime="20231120 13:51:01.291"/>
</kw>
<kw name="Input Credentials" library="resource">
<arg>kalle</arg>
<arg>kalle123</arg>
<kw name="Input" library="AppLibrary">
<arg>${username}</arg>
<status status="PASS" starttime="20231120 13:51:01.291" endtime="20231120 13:51:01.292"/>
</kw>
<kw name="Input" library="AppLibrary">
<arg>${password}</arg>
<status status="PASS" starttime="20231120 13:51:01.292" endtime="20231120 13:51:01.292"/>
</kw>
<kw name="Run Application" library="AppLibrary">
<status status="PASS" starttime="20231120 13:51:01.292" endtime="20231120 13:51:01.292"/>
</kw>
<status status="PASS" starttime="20231120 13:51:01.291" endtime="20231120 13:51:01.292"/>
</kw>
<kw name="Output Should Contain" library="AppLibrary">
<arg>User with username kalle already exists</arg>
<status status="PASS" starttime="20231120 13:51:01.292" endtime="20231120 13:51:01.292"/>
</kw>
<status status="PASS" starttime="20231120 13:51:01.290" endtime="20231120 13:51:01.292"/>
</test>
<test id="s1-s2-t3" name="Register With Too Short Username And Valid Password" line="17">
<kw name="Create User kalle" type="SETUP">
<kw name="Create User" library="AppLibrary">
<arg>kalle</arg>
<arg>kalle123</arg>
<status status="PASS" starttime="20231120 13:51:01.293" endtime="20231120 13:51:01.293"/>
</kw>
<status status="PASS" starttime="20231120 13:51:01.293" endtime="20231120 13:51:01.293"/>
</kw>
<kw name="Input Register Command" library="resource">
<kw name="Input" library="AppLibrary">
<arg>new</arg>
<status status="PASS" starttime="20231120 13:51:01.293" endtime="20231120 13:51:01.293"/>
</kw>
<status status="PASS" starttime="20231120 13:51:01.293" endtime="20231120 13:51:01.293"/>
</kw>
<kw name="Input Credentials" library="resource">
<arg>u</arg>
<arg>password123</arg>
<kw name="Input" library="AppLibrary">
<arg>${username}</arg>
<status status="PASS" starttime="20231120 13:51:01.293" endtime="20231120 13:51:01.293"/>
</kw>
<kw name="Input" library="AppLibrary">
<arg>${password}</arg>
<status status="PASS" starttime="20231120 13:51:01.293" endtime="20231120 13:51:01.294"/>
</kw>
<kw name="Run Application" library="AppLibrary">
<status status="PASS" starttime="20231120 13:51:01.294" endtime="20231120 13:51:01.294"/>
</kw>
<status status="PASS" starttime="20231120 13:51:01.293" endtime="20231120 13:51:01.294"/>
</kw>
<kw name="Output Should Contain" library="AppLibrary">
<arg>Invalid username</arg>
<status status="PASS" starttime="20231120 13:51:01.294" endtime="20231120 13:51:01.294"/>
</kw>
<status status="PASS" starttime="20231120 13:51:01.292" endtime="20231120 13:51:01.294"/>
</test>
<test id="s1-s2-t4" name="Register With Enough Long But Invalid Username And Valid Password" line="22">
<kw name="Create User kalle" type="SETUP">
<kw name="Create User" library="AppLibrary">
<arg>kalle</arg>
<arg>kalle123</arg>
<status status="PASS" starttime="20231120 13:51:01.294" endtime="20231120 13:51:01.294"/>
</kw>
<status status="PASS" starttime="20231120 13:51:01.294" endtime="20231120 13:51:01.294"/>
</kw>
<kw name="Input Register Command" library="resource">
<kw name="Input" library="AppLibrary">
<arg>new</arg>
<status status="PASS" starttime="20231120 13:51:01.295" endtime="20231120 13:51:01.295"/>
</kw>
<status status="PASS" starttime="20231120 13:51:01.294" endtime="20231120 13:51:01.295"/>
</kw>
<kw name="Input Credentials" library="resource">
<arg>Someuser</arg>
<arg>password123</arg>
<kw name="Input" library="AppLibrary">
<arg>${username}</arg>
<status status="PASS" starttime="20231120 13:51:01.295" endtime="20231120 13:51:01.295"/>
</kw>
<kw name="Input" library="AppLibrary">
<arg>${password}</arg>
<status status="PASS" starttime="20231120 13:51:01.295" endtime="20231120 13:51:01.295"/>
</kw>
<kw name="Run Application" library="AppLibrary">
<status status="PASS" starttime="20231120 13:51:01.295" endtime="20231120 13:51:01.295"/>
</kw>
<status status="PASS" starttime="20231120 13:51:01.295" endtime="20231120 13:51:01.295"/>
</kw>
<kw name="Output Should Contain" library="AppLibrary">
<arg>Invalid username</arg>
<status status="PASS" starttime="20231120 13:51:01.295" endtime="20231120 13:51:01.295"/>
</kw>
<status status="PASS" starttime="20231120 13:51:01.294" endtime="20231120 13:51:01.295"/>
</test>
<test id="s1-s2-t5" name="Register With Valid Username And Too Short Password" line="27">
<kw name="Create User kalle" type="SETUP">
<kw name="Create User" library="AppLibrary">
<arg>kalle</arg>
<arg>kalle123</arg>
<status status="PASS" starttime="20231120 13:51:01.296" endtime="20231120 13:51:01.296"/>
</kw>
<status status="PASS" starttime="20231120 13:51:01.296" endtime="20231120 13:51:01.296"/>
</kw>
<kw name="Input Register Command" library="resource">
<kw name="Input" library="AppLibrary">
<arg>new</arg>
<status status="PASS" starttime="20231120 13:51:01.296" endtime="20231120 13:51:01.296"/>
</kw>
<status status="PASS" starttime="20231120 13:51:01.296" endtime="20231120 13:51:01.296"/>
</kw>
<kw name="Input Credentials" library="resource">
<arg>someuser</arg>
<arg>pass12</arg>
<kw name="Input" library="AppLibrary">
<arg>${username}</arg>
<status status="PASS" starttime="20231120 13:51:01.296" endtime="20231120 13:51:01.296"/>
</kw>
<kw name="Input" library="AppLibrary">
<arg>${password}</arg>
<status status="PASS" starttime="20231120 13:51:01.297" endtime="20231120 13:51:01.297"/>
</kw>
<kw name="Run Application" library="AppLibrary">
<status status="PASS" starttime="20231120 13:51:01.297" endtime="20231120 13:51:01.297"/>
</kw>
<status status="PASS" starttime="20231120 13:51:01.296" endtime="20231120 13:51:01.297"/>
</kw>
<kw name="Output Should Contain" library="AppLibrary">
<arg>Invalid password</arg>
<status status="PASS" starttime="20231120 13:51:01.297" endtime="20231120 13:51:01.297"/>
</kw>
<status status="PASS" starttime="20231120 13:51:01.296" endtime="20231120 13:51:01.297"/>
</test>
<test id="s1-s2-t6" name="Register With Valid Username And Long Enough Password Containing Only Letters" line="32">
<kw name="Create User kalle" type="SETUP">
<kw name="Create User" library="AppLibrary">
<arg>kalle</arg>
<arg>kalle123</arg>
<status status="PASS" starttime="20231120 13:51:01.297" endtime="20231120 13:51:01.297"/>
</kw>
<status status="PASS" starttime="20231120 13:51:01.297" endtime="20231120 13:51:01.297"/>
</kw>
<kw name="Input Register Command" library="resource">
<kw name="Input" library="AppLibrary">
<arg>new</arg>
<status status="PASS" starttime="20231120 13:51:01.298" endtime="20231120 13:51:01.298"/>
</kw>
<status status="PASS" starttime="20231120 13:51:01.298" endtime="20231120 13:51:01.298"/>
</kw>
<kw name="Input Credentials" library="resource">
<arg>someuser</arg>
<arg>passwordpassword</arg>
<kw name="Input" library="AppLibrary">
<arg>${username}</arg>
<status status="PASS" starttime="20231120 13:51:01.298" endtime="20231120 13:51:01.298"/>
</kw>
<kw name="Input" library="AppLibrary">
<arg>${password}</arg>
<status status="PASS" starttime="20231120 13:51:01.298" endtime="20231120 13:51:01.298"/>
</kw>
<kw name="Run Application" library="AppLibrary">
<status status="PASS" starttime="20231120 13:51:01.298" endtime="20231120 13:51:01.298"/>
</kw>
<status status="PASS" starttime="20231120 13:51:01.298" endtime="20231120 13:51:01.298"/>
</kw>
<kw name="Output Should Contain" library="AppLibrary">
<arg>Invalid password</arg>
<status status="PASS" starttime="20231120 13:51:01.298" endtime="20231120 13:51:01.298"/>
</kw>
<status status="PASS" starttime="20231120 13:51:01.297" endtime="20231120 13:51:01.298"/>
</test>
<status status="PASS" starttime="20231120 13:51:01.271" endtime="20231120 13:51:01.299"/>
</suite>
<status status="PASS" starttime="20231120 13:51:01.143" endtime="20231120 13:51:01.299"/>
</suite>
<statistics>
<total>
<stat pass="9" fail="0" skip="0">All Tests</stat>
</total>
<tag>
</tag>
<suite>
<stat pass="9" fail="0" skip="0" id="s1" name="Tests">Tests</stat>
<stat pass="3" fail="0" skip="0" id="s1-s1" name="Login">Tests.Login</stat>
<stat pass="6" fail="0" skip="0" id="s1-s2" name="Register">Tests.Register</stat>
</suite>
</statistics>
<errors>
</errors>
</robot>
